01/08/2026 10:45:10 PM - grapa.shared.command_recorder - WARNING - CurveGraphsReferrer.register: graph already in _list. Proceed.[<grapa.graph.Graph object at 0x0000021844BE0AD0>]
  0  True True
  1  True True
NoneType: None
01/08/2026 10:45:10 PM - grapa.shared.command_recorder - WARNING - CurveGraphsReferrer.register: graph already in _list. Proceed.[<grapa.graph.Graph object at 0x0000021844BE0AD0>]
  0  True True
  1  True True
  2  True True
NoneType: None
01/08/2026 10:45:10 PM - grapa.shared.command_recorder - WARNING - CurveGraphsReferrer.register: graph already in _list. Proceed.[<grapa.graph.Graph object at 0x0000021844BE0AD0>]
  0  True True
  1  True True
  2  True True
  3  True True
NoneType: None
01/08/2026 10:45:10 PM - grapa.shared.command_recorder - WARNING - CurveGraphsReferrer.register: graph already in _list. Proceed.[<grapa.graph.Graph object at 0x0000021844BE0AD0>, <grapa.graph.Graph object at 0x0000021844BE2750>]
  0  True True
  1  True True
NoneType: None
01/08/2026 10:45:10 PM - grapa.shared.command_recorder - WARNING - CurveGraphsReferrer.register: graph already in _list. Proceed.[<grapa.graph.Graph object at 0x0000021844BE0AD0>, <grapa.graph.Graph object at 0x0000021844BE2750>]
  0  True True
  1  True True
  2  True True
NoneType: None
01/08/2026 10:45:10 PM - grapa.shared.command_recorder - WARNING - CurveGraphsReferrer.register: graph already in _list. Proceed.[<grapa.graph.Graph object at 0x0000021844BE0AD0>, <grapa.graph.Graph object at 0x0000021844BE2750>]
  0  True True
  1  True True
  2  True True
  3  True True
NoneType: None
01/08/2026 10:45:10 PM - grapa.shared.command_recorder - WARNING - CurveGraphsReferrer.register: graph already in _list. Proceed.[<grapa.graph.Graph object at 0x0000021844BE0AD0>, <grapa.graph.Graph object at 0x0000021844BE2750>]
  0  True True
  1  True True
  2  True True
  3  True True
  4  True True
NoneType: None
01/08/2026 10:45:10 PM - grapa.shared.command_recorder - WARNING - CurveGraphsReferrer.register: graph already in _list. Proceed.[<grapa.graph.Graph object at 0x0000021844BE0AD0>, <grapa.graph.Graph object at 0x0000021844BE2750>]
  0  True True
  1  True True
  2  True True
  3  True True
  4  True True
  5  True True
NoneType: None
01/08/2026 10:45:10 PM - grapa.shared.command_recorder - WARNING - CurveGraphsReferrer.register: graph already in _list. Proceed.[<grapa.graph.Graph object at 0x0000021844BE0AD0>, <grapa.graph.Graph object at 0x0000021844BE2750>]
  0  True True
  1  True True
  2  True True
  3  True True
  4  True True
  5  True True
  6  True True
NoneType: None
01/08/2026 10:45:10 PM - grapa.shared.command_recorder - WARNING - CurveGraphsReferrer.register: graph already in _list. Proceed.[<grapa.graph.Graph object at 0x0000021844BE0AD0>, <grapa.graph.Graph object at 0x0000021844BE2750>]
  0  True True
  1  True True
  2  True True
  3  True True
  4  True True
  5  True True
  6  True True
  7  True True
NoneType: None
01/09/2026 04:20:13 PM - grapa.parse.parser_dispatcher - WARNING - File not found: 
01/09/2026 04:21:14 PM - grapa.parse.parser_dispatcher - WARNING - File not found: 
01/09/2026 04:22:48 PM - grapa.parse.parser_dispatcher - WARNING - File not found: 
01/09/2026 04:23:17 PM - grapa.parse.parser_dispatcher - WARNING - File not found: 
01/09/2026 04:24:17 PM - grapa.parse.parser_dispatcher - WARNING - File not found: 
01/09/2026 04:25:20 PM - grapa.parse.parser_dispatcher - WARNING - File not found: 
01/09/2026 04:26:14 PM - grapa.parse.parser_dispatcher - WARNING - File not found: 
01/09/2026 04:29:04 PM - grapa.parse.parser_dispatcher - WARNING - File not found: 
01/09/2026 04:29:19 PM - grapa.parse.parser_dispatcher - WARNING - File not found: 
01/09/2026 04:31:58 PM - grapa.parse.parser_dispatcher - WARNING - File not found: 
01/09/2026 04:33:20 PM - grapa.parse.parser_dispatcher - WARNING - File not found: 
01/09/2026 04:57:15 PM - grapa.frontend.gui_main - ERROR - Exception during update of central section (plot and editor).
Traceback (most recent call last):
  File "C:\_python\_python_packages\grapa\grapa\frontend\gui_main.py", line 206, in update_ui
    section[0].update_ui()
    ~~~~~~~~~~~~~~~~~~~~^^
  File "C:\_python\_python_packages\grapa\grapa\frontend\frames_main.py", line 882, in update_ui
    self._widgets["frameDataPicker"].update_ui()
    ~~~~~~~~~~~~~~~~~~~~~~~~~~~~~~~~~~~~~~~~~~^^
  File "C:\_python\_python_packages\grapa\grapa\frontend\frames_main.py", line 661, in update_ui
    self.update_crosshair(draw=False)
    ~~~~~~~~~~~~~~~~~~~~~^^^^^^^^^^^^
  File "C:\_python\_python_packages\grapa\grapa\frontend\frames_main.py", line 828, in update_crosshair
    posx = graph[curve].x_offsets(index=idx, alter=alter[0])
  File "C:\_python\_python_packages\grapa\grapa\curve.py", line 511, in x_offsets
    return _xy_offsets(self, "x", **kwargs)
  File "C:\_python\_python_packages\grapa\grapa\curve.py", line 1020, in _xy_offsets
    series = curve.x(**kwargs) if x_or_y == "x" else curve.y(**kwargs)
             ~~~~~~~^^^^^^^^^^
  File "C:\_python\_python_packages\grapa\grapa\curve.py", line 405, in x
    success, result = self._xy_alterspecial(alter, index, xyValue)
                      ~~~~~~~~~~~~~~~~~~~~~^^^^^^^^^^^^^^^^^^^^^^^
  File "C:\_python\_python_packages\grapa\grapa\curve.py", line 494, in _xy_alterspecial
    return (True, func(self, index=index, xyValue=xyvalue))
                  ~~~~^^^^^^^^^^^^^^^^^^^^^^^^^^^^^^^^^^^^
  File "C:\_python\_python_packages\grapa\grapa\datatypes\curveArrhenius.py", line 201, in x_1000overK
    return 1000 / self.x(index, **kwargs)
                  ~~~~~~^^^^^^^^^^^^^^^^^
  File "C:\_python\_python_packages\grapa\grapa\curve.py", line 413, in x
    return val[0, index]
           ~~~^^^^^^^^^^
IndexError: index 60 is out of bounds for axis 1 with size 11
01/09/2026 10:57:45 PM - grapa.frontend.frame_curveactions - ERROR - While executing function <bound method CurveCV.setArea of <grapa.datatypes.curveCV.CurveCV object at 0x000001D31B466350>> with args ['abc'] kwargs {}. <class 'TypeError'>: ufunc 'divide' not supported for the input types, and the inputs could not be safely coerced to any supported types according to the casting rule ''safe''.
Traceback (most recent call last):
  File "C:\_python\_python_packages\grapa\grapa\frontend\frame_curveactions.py", line 244, in execute_func
    res = func(*args, **kwargs)
  File "C:\_python\_python_packages\grapa\grapa\datatypes\curveCV.py", line 195, in setArea
    self.set_y(self.y() / value * oldArea)
               ~~~~~~~~~^~~~~~~
TypeError: ufunc 'divide' not supported for the input types, and the inputs could not be safely coerced to any supported types according to the casting rule ''safe''
01/13/2026 04:07:03 PM - grapa.parse.parser_dispatcher - WARNING - File not found: G:\Active Group Members\Matteo\Manuscripts\MDM_1st paper\Submission\Figures\Figure 2\fancyAnnotations.txt
01/13/2026 04:07:03 PM - grapa.plot.plot_graph - WARNING - <class 'grapa.shared.error_management.FileNotReadError'> during subplot <class 'FileNotFoundError'> for file: [Errno 2] No such file or directory: 'G:\\Active Group Members\\Matteo\\Manuscripts\\MDM_1st paper\\Submission\\Figures\\Figure 2\\fancyAnnotations.txt': fancyAnnotations.txt.
01/13/2026 04:07:03 PM - grapa.parse.parser_dispatcher - WARNING - File not found: G:\Active Group Members\Matteo\Manuscripts\MDM_1st paper\Submission\Figures\Figure 2\example_imshow_datafile.txt
01/13/2026 04:07:03 PM - grapa.plot.plot_graph - WARNING - <class 'grapa.shared.error_management.FileNotReadError'> during subplot <class 'FileNotFoundError'> for file: [Errno 2] No such file or directory: 'G:\\Active Group Members\\Matteo\\Manuscripts\\MDM_1st paper\\Submission\\Figures\\Figure 2\\example_imshow_datafile.txt': example_imshow_datafile.txt.
01/13/2026 04:07:03 PM - grapa.parse.parser_dispatcher - WARNING - File not found: G:\Active Group Members\Matteo\Manuscripts\MDM_1st paper\Submission\Figures\Figure 2\example_imshow_datatable.txt
01/13/2026 04:07:03 PM - grapa.plot.plot_graph - WARNING - <class 'grapa.shared.error_management.FileNotReadError'> during subplot <class 'FileNotFoundError'> for file: [Errno 2] No such file or directory: 'G:\\Active Group Members\\Matteo\\Manuscripts\\MDM_1st paper\\Submission\\Figures\\Figure 2\\example_imshow_datatable.txt': example_imshow_datatable.txt.
01/13/2026 04:07:03 PM - grapa.parse.parser_dispatcher - WARNING - File not found: G:\Active Group Members\Matteo\Manuscripts\MDM_1st paper\Submission\Figures\Figure 2\example_imshow_picture.txt
01/13/2026 04:07:03 PM - grapa.plot.plot_graph - WARNING - <class 'grapa.shared.error_management.FileNotReadError'> during subplot <class 'FileNotFoundError'> for file: [Errno 2] No such file or directory: 'G:\\Active Group Members\\Matteo\\Manuscripts\\MDM_1st paper\\Submission\\Figures\\Figure 2\\example_imshow_picture.txt': example_imshow_picture.txt.
01/13/2026 04:07:25 PM - grapa.parse.parser_dispatcher - WARNING - File not found: G:\Active Group Members\Matteo\Manuscripts\MDM_1st paper\Submission\Figures\Figure 2\example_imshow_datafile.txt
01/13/2026 04:07:25 PM - grapa.plot.plot_graph - WARNING - <class 'grapa.shared.error_management.FileNotReadError'> during subplot <class 'FileNotFoundError'> for file: [Errno 2] No such file or directory: 'G:\\Active Group Members\\Matteo\\Manuscripts\\MDM_1st paper\\Submission\\Figures\\Figure 2\\example_imshow_datafile.txt': example_imshow_datafile.txt.
01/13/2026 04:07:25 PM - grapa.parse.parser_dispatcher - WARNING - File not found: G:\Active Group Members\Matteo\Manuscripts\MDM_1st paper\Submission\Figures\Figure 2\example_imshow_datatable.txt
01/13/2026 04:07:25 PM - grapa.plot.plot_graph - WARNING - <class 'grapa.shared.error_management.FileNotReadError'> during subplot <class 'FileNotFoundError'> for file: [Errno 2] No such file or directory: 'G:\\Active Group Members\\Matteo\\Manuscripts\\MDM_1st paper\\Submission\\Figures\\Figure 2\\example_imshow_datatable.txt': example_imshow_datatable.txt.
01/13/2026 04:07:25 PM - grapa.parse.parser_dispatcher - WARNING - File not found: G:\Active Group Members\Matteo\Manuscripts\MDM_1st paper\Submission\Figures\Figure 2\example_imshow_picture.txt
01/13/2026 04:07:25 PM - grapa.plot.plot_graph - WARNING - <class 'grapa.shared.error_management.FileNotReadError'> during subplot <class 'FileNotFoundError'> for file: [Errno 2] No such file or directory: 'G:\\Active Group Members\\Matteo\\Manuscripts\\MDM_1st paper\\Submission\\Figures\\Figure 2\\example_imshow_picture.txt': example_imshow_picture.txt.
01/13/2026 04:07:31 PM - grapa.parse.parser_dispatcher - WARNING - File not found: G:\Active Group Members\Matteo\Manuscripts\MDM_1st paper\Submission\Figures\Figure 2\example_imshow_datafile.txt
01/13/2026 04:07:31 PM - grapa.plot.plot_graph - WARNING - <class 'grapa.shared.error_management.FileNotReadError'> during subplot <class 'FileNotFoundError'> for file: [Errno 2] No such file or directory: 'G:\\Active Group Members\\Matteo\\Manuscripts\\MDM_1st paper\\Submission\\Figures\\Figure 2\\example_imshow_datafile.txt': example_imshow_datafile.txt.
01/13/2026 04:07:31 PM - grapa.parse.parser_dispatcher - WARNING - File not found: G:\Active Group Members\Matteo\Manuscripts\MDM_1st paper\Submission\Figures\Figure 2\example_imshow_datatable.txt
01/13/2026 04:07:31 PM - grapa.plot.plot_graph - WARNING - <class 'grapa.shared.error_management.FileNotReadError'> during subplot <class 'FileNotFoundError'> for file: [Errno 2] No such file or directory: 'G:\\Active Group Members\\Matteo\\Manuscripts\\MDM_1st paper\\Submission\\Figures\\Figure 2\\example_imshow_datatable.txt': example_imshow_datatable.txt.
01/13/2026 04:07:31 PM - grapa.parse.parser_dispatcher - WARNING - File not found: G:\Active Group Members\Matteo\Manuscripts\MDM_1st paper\Submission\Figures\Figure 2\example_imshow_picture.txt
01/13/2026 04:07:31 PM - grapa.plot.plot_graph - WARNING - <class 'grapa.shared.error_management.FileNotReadError'> during subplot <class 'FileNotFoundError'> for file: [Errno 2] No such file or directory: 'G:\\Active Group Members\\Matteo\\Manuscripts\\MDM_1st paper\\Submission\\Figures\\Figure 2\\example_imshow_picture.txt': example_imshow_picture.txt.
01/13/2026 04:07:52 PM - grapa.parse.parser_dispatcher - WARNING - File not found: G:\Active Group Members\Matteo\Manuscripts\MDM_1st paper\Submission\Figures\Figure 2\example_imshow_datatable.txt
01/13/2026 04:07:53 PM - grapa.plot.plot_graph - WARNING - <class 'grapa.shared.error_management.FileNotReadError'> during subplot <class 'FileNotFoundError'> for file: [Errno 2] No such file or directory: 'G:\\Active Group Members\\Matteo\\Manuscripts\\MDM_1st paper\\Submission\\Figures\\Figure 2\\example_imshow_datatable.txt': example_imshow_datatable.txt.
01/13/2026 04:07:53 PM - grapa.parse.parser_dispatcher - WARNING - File not found: G:\Active Group Members\Matteo\Manuscripts\MDM_1st paper\Submission\Figures\Figure 2\example_imshow_picture.txt
01/13/2026 04:07:53 PM - grapa.plot.plot_graph - WARNING - <class 'grapa.shared.error_management.FileNotReadError'> during subplot <class 'FileNotFoundError'> for file: [Errno 2] No such file or directory: 'G:\\Active Group Members\\Matteo\\Manuscripts\\MDM_1st paper\\Submission\\Figures\\Figure 2\\example_imshow_picture.txt': example_imshow_picture.txt.
01/13/2026 04:07:56 PM - grapa.parse.parser_dispatcher - WARNING - File not found: G:\Active Group Members\Matteo\Manuscripts\MDM_1st paper\Submission\Figures\Figure 2\example_imshow_datatable.txt
01/13/2026 04:07:56 PM - grapa.plot.plot_graph - WARNING - <class 'grapa.shared.error_management.FileNotReadError'> during subplot <class 'FileNotFoundError'> for file: [Errno 2] No such file or directory: 'G:\\Active Group Members\\Matteo\\Manuscripts\\MDM_1st paper\\Submission\\Figures\\Figure 2\\example_imshow_datatable.txt': example_imshow_datatable.txt.
01/13/2026 04:07:56 PM - grapa.parse.parser_dispatcher - WARNING - File not found: G:\Active Group Members\Matteo\Manuscripts\MDM_1st paper\Submission\Figures\Figure 2\example_imshow_picture.txt
01/13/2026 04:07:56 PM - grapa.plot.plot_graph - WARNING - <class 'grapa.shared.error_management.FileNotReadError'> during subplot <class 'FileNotFoundError'> for file: [Errno 2] No such file or directory: 'G:\\Active Group Members\\Matteo\\Manuscripts\\MDM_1st paper\\Submission\\Figures\\Figure 2\\example_imshow_picture.txt': example_imshow_picture.txt.
01/13/2026 04:08:15 PM - grapa.parse.parser_dispatcher - WARNING - File not found: G:\Active Group Members\Matteo\Manuscripts\MDM_1st paper\Submission\Figures\Figure 2\example_imshow_datatable.txt
01/13/2026 04:08:15 PM - grapa.plot.plot_graph - WARNING - <class 'grapa.shared.error_management.FileNotReadError'> during subplot <class 'FileNotFoundError'> for file: [Errno 2] No such file or directory: 'G:\\Active Group Members\\Matteo\\Manuscripts\\MDM_1st paper\\Submission\\Figures\\Figure 2\\example_imshow_datatable.txt': example_imshow_datatable.txt.
01/13/2026 04:08:15 PM - grapa.parse.parser_dispatcher - WARNING - File not found: G:\Active Group Members\Matteo\Manuscripts\MDM_1st paper\Submission\Figures\Figure 2\example_imshow_picture.txt
01/13/2026 04:08:15 PM - grapa.plot.plot_graph - WARNING - <class 'grapa.shared.error_management.FileNotReadError'> during subplot <class 'FileNotFoundError'> for file: [Errno 2] No such file or directory: 'G:\\Active Group Members\\Matteo\\Manuscripts\\MDM_1st paper\\Submission\\Figures\\Figure 2\\example_imshow_picture.txt': example_imshow_picture.txt.
01/13/2026 04:08:19 PM - grapa.parse.parser_dispatcher - WARNING - File not found: G:\Active Group Members\Matteo\Manuscripts\MDM_1st paper\Submission\Figures\Figure 2\example_imshow_datatable.txt
01/13/2026 04:08:19 PM - grapa.plot.plot_graph - WARNING - <class 'grapa.shared.error_management.FileNotReadError'> during subplot <class 'FileNotFoundError'> for file: [Errno 2] No such file or directory: 'G:\\Active Group Members\\Matteo\\Manuscripts\\MDM_1st paper\\Submission\\Figures\\Figure 2\\example_imshow_datatable.txt': example_imshow_datatable.txt.
01/13/2026 04:08:19 PM - grapa.parse.parser_dispatcher - WARNING - File not found: G:\Active Group Members\Matteo\Manuscripts\MDM_1st paper\Submission\Figures\Figure 2\example_imshow_picture.txt
01/13/2026 04:08:19 PM - grapa.plot.plot_graph - WARNING - <class 'grapa.shared.error_management.FileNotReadError'> during subplot <class 'FileNotFoundError'> for file: [Errno 2] No such file or directory: 'G:\\Active Group Members\\Matteo\\Manuscripts\\MDM_1st paper\\Submission\\Figures\\Figure 2\\example_imshow_picture.txt': example_imshow_picture.txt.
01/13/2026 04:08:37 PM - grapa.parse.parser_dispatcher - WARNING - File not found: G:\Active Group Members\Matteo\Manuscripts\MDM_1st paper\Submission\Figures\Figure 2\example_imshow_datatable.txt
01/13/2026 04:08:37 PM - grapa.plot.plot_graph - WARNING - <class 'grapa.shared.error_management.FileNotReadError'> during subplot <class 'FileNotFoundError'> for file: [Errno 2] No such file or directory: 'G:\\Active Group Members\\Matteo\\Manuscripts\\MDM_1st paper\\Submission\\Figures\\Figure 2\\example_imshow_datatable.txt': example_imshow_datatable.txt.
01/14/2026 03:46:19 PM - grapa.parse.parser_dispatcher - WARNING - File not found: G:\Active Group Members\Matteo\Manuscripts\MDM_1st paper\Submission\Figures\Figure 2\JV_HLS and ammonia.txt
01/14/2026 03:46:21 PM - grapa.plot.plot_graph - WARNING - <class 'grapa.shared.error_management.FileNotReadError'> during subplot <class 'FileNotFoundError'> for file: [Errno 2] No such file or directory: 'G:\\Active Group Members\\Matteo\\Manuscripts\\MDM_1st paper\\Submission\\Figures\\Figure 2\\JV_HLS and ammonia.txt': JV_HLS and ammonia.txt.
01/14/2026 03:46:21 PM - grapa.parse.parser_dispatcher - WARNING - File not found: G:\Active Group Members\Matteo\Manuscripts\MDM_1st paper\Submission\Figures\Figure 2\CV before after HLS.txt
01/14/2026 03:46:22 PM - grapa.plot.plot_graph - WARNING - <class 'grapa.shared.error_management.FileNotReadError'> during subplot <class 'FileNotFoundError'> for file: [Errno 2] No such file or directory: 'G:\\Active Group Members\\Matteo\\Manuscripts\\MDM_1st paper\\Submission\\Figures\\Figure 2\\CV before after HLS.txt': CV before after HLS.txt.
01/14/2026 03:46:22 PM - grapa.parse.parser_dispatcher - WARNING - File not found: G:\Active Group Members\Matteo\Manuscripts\MDM_1st paper\Submission\Figures\Figure 2\figure_QY_HLSITO_grapa.txt
01/14/2026 03:46:22 PM - grapa.plot.plot_graph - WARNING - <class 'grapa.shared.error_management.FileNotReadError'> during subplot <class 'FileNotFoundError'> for file: [Errno 2] No such file or directory: 'G:\\Active Group Members\\Matteo\\Manuscripts\\MDM_1st paper\\Submission\\Figures\\Figure 2\\figure_QY_HLSITO_grapa.txt': figure_QY_HLSITO_grapa.txt.
01/14/2026 03:46:28 PM - grapa.parse.parser_dispatcher - WARNING - File not found: G:\Active Group Members\Matteo\Manuscripts\MDM_1st paper\Submission\Figures\Figure 2\JV_HLS and ammonia.txt
01/14/2026 03:46:29 PM - grapa.plot.plot_graph - WARNING - <class 'grapa.shared.error_management.FileNotReadError'> during subplot <class 'FileNotFoundError'> for file: [Errno 2] No such file or directory: 'G:\\Active Group Members\\Matteo\\Manuscripts\\MDM_1st paper\\Submission\\Figures\\Figure 2\\JV_HLS and ammonia.txt': JV_HLS and ammonia.txt.
01/14/2026 03:46:31 PM - grapa.parse.parser_dispatcher - WARNING - File not found: G:\Active Group Members\Matteo\Manuscripts\MDM_1st paper\Submission\Figures\Figure 2\CV before after HLS.txt
01/14/2026 03:46:32 PM - grapa.plot.plot_graph - WARNING - <class 'grapa.shared.error_management.FileNotReadError'> during subplot <class 'FileNotFoundError'> for file: [Errno 2] No such file or directory: 'G:\\Active Group Members\\Matteo\\Manuscripts\\MDM_1st paper\\Submission\\Figures\\Figure 2\\CV before after HLS.txt': CV before after HLS.txt.
01/14/2026 03:46:33 PM - grapa.parse.parser_dispatcher - WARNING - File not found: G:\Active Group Members\Matteo\Manuscripts\MDM_1st paper\Submission\Figures\Figure 2\figure_QY_HLSITO_grapa.txt
01/14/2026 03:46:33 PM - grapa.plot.plot_graph - WARNING - <class 'grapa.shared.error_management.FileNotReadError'> during subplot <class 'FileNotFoundError'> for file: [Errno 2] No such file or directory: 'G:\\Active Group Members\\Matteo\\Manuscripts\\MDM_1st paper\\Submission\\Figures\\Figure 2\\figure_QY_HLSITO_grapa.txt': figure_QY_HLSITO_grapa.txt.
01/15/2026 06:29:16 PM - grapa.parse.parser_dispatcher - WARNING - File not found: G:\Active Group Members\Matteo\Manuscripts\MDM_1st paper\Submission\Figures\Figure 2\JV_HLS and ammonia.txt
01/15/2026 06:29:16 PM - grapa.plot.plot_graph - WARNING - <class 'grapa.shared.error_management.FileNotReadError'> during subplot <class 'FileNotFoundError'> for file: [Errno 2] No such file or directory: 'G:\\Active Group Members\\Matteo\\Manuscripts\\MDM_1st paper\\Submission\\Figures\\Figure 2\\JV_HLS and ammonia.txt': JV_HLS and ammonia.txt.
01/15/2026 06:29:16 PM - grapa.parse.parser_dispatcher - WARNING - File not found: G:\Active Group Members\Matteo\Manuscripts\MDM_1st paper\Submission\Figures\Figure 2\CV before after HLS.txt
01/15/2026 06:29:16 PM - grapa.plot.plot_graph - WARNING - <class 'grapa.shared.error_management.FileNotReadError'> during subplot <class 'FileNotFoundError'> for file: [Errno 2] No such file or directory: 'G:\\Active Group Members\\Matteo\\Manuscripts\\MDM_1st paper\\Submission\\Figures\\Figure 2\\CV before after HLS.txt': CV before after HLS.txt.
01/15/2026 06:29:16 PM - grapa.parse.parser_dispatcher - WARNING - File not found: G:\Active Group Members\Matteo\Manuscripts\MDM_1st paper\Submission\Figures\Figure 2\figure_QY_HLSITO_grapa.txt
01/15/2026 06:29:16 PM - grapa.plot.plot_graph - WARNING - <class 'grapa.shared.error_management.FileNotReadError'> during subplot <class 'FileNotFoundError'> for file: [Errno 2] No such file or directory: 'G:\\Active Group Members\\Matteo\\Manuscripts\\MDM_1st paper\\Submission\\Figures\\Figure 2\\figure_QY_HLSITO_grapa.txt': figure_QY_HLSITO_grapa.txt.
01/16/2026 08:40:46 AM - grapa.parse.parser_dispatcher - WARNING - File not found: G:\Active Group Members\Matteo\Manuscripts\MDM_1st paper\Submission\Figures\Figure 2\JV_HLS and ammonia.txt
01/16/2026 08:40:47 AM - grapa.plot.plot_graph - WARNING - <class 'grapa.shared.error_management.FileNotReadError'> during subplot <class 'FileNotFoundError'> for file: [Errno 2] No such file or directory: 'G:\\Active Group Members\\Matteo\\Manuscripts\\MDM_1st paper\\Submission\\Figures\\Figure 2\\JV_HLS and ammonia.txt': JV_HLS and ammonia.txt.
01/16/2026 08:40:47 AM - grapa.parse.parser_dispatcher - WARNING - File not found: G:\Active Group Members\Matteo\Manuscripts\MDM_1st paper\Submission\Figures\Figure 2\CV before after HLS.txt
01/16/2026 08:40:47 AM - grapa.plot.plot_graph - WARNING - <class 'grapa.shared.error_management.FileNotReadError'> during subplot <class 'FileNotFoundError'> for file: [Errno 2] No such file or directory: 'G:\\Active Group Members\\Matteo\\Manuscripts\\MDM_1st paper\\Submission\\Figures\\Figure 2\\CV before after HLS.txt': CV before after HLS.txt.
01/16/2026 08:40:48 AM - grapa.parse.parser_dispatcher - WARNING - File not found: G:\Active Group Members\Matteo\Manuscripts\MDM_1st paper\Submission\Figures\Figure 2\figure_QY_HLSITO_grapa.txt
01/16/2026 08:40:49 AM - grapa.plot.plot_graph - WARNING - <class 'grapa.shared.error_management.FileNotReadError'> during subplot <class 'FileNotFoundError'> for file: [Errno 2] No such file or directory: 'G:\\Active Group Members\\Matteo\\Manuscripts\\MDM_1st paper\\Submission\\Figures\\Figure 2\\figure_QY_HLSITO_grapa.txt': figure_QY_HLSITO_grapa.txt.
02/10/2026 12:15:52 PM - grapa.plot.plot_curve - ERROR - Exception _choose_plot_method ax.plot. linespec . fmt {'label': 'Ag+', 'color': 'lightorange'}. <class 'ValueError'>: 'lightorange' is not a valid value for color: supported inputs are (r, g, b) and (r, g, b, a) 0-1 float tuples; '#rrggbb', '#rrggbbaa', '#rgb', '#rgba' strings; named color strings; string reprs of 0-1 floats for grayscale values; 'C0', 'C1', ... strings for colors of the color cycle; and pairs combining one of the above with an alpha value.
02/11/2026 03:06:33 PM - grapa.curve - ERROR - Curve.cast_as: could not cast (requested Curve XRD, possible types: [('Curve CV', 'CurveCV', <class 'grapa.datatypes.curveCV.CurveCV'>), ('Curve Cf', 'CurveCf', <class 'grapa.datatypes.curveCf.CurveCf'>), ('Curve EQE', 'CurveEQE', <class 'grapa.datatypes.curveEQE.CurveEQE'>), ('Curve JV', 'CurveJV', <class 'grapa.datatypes.curveJV.CurveJV'>), ('Curve JscVoc', 'CurveJscVoc', <class 'grapa.datatypes.curveJscVoc.CurveJscVoc'>), ('Curve MCA', 'CurveMCA', <class 'grapa.datatypes.curveMCA.CurveMCA'>), ('Curve SIMS', 'CurveSIMS', <class 'grapa.datatypes.curveSIMS.CurveSIMS'>), ('Curve Spectrum', 'CurveSpectrum', <class 'grapa.datatypes.curveSpectrum.CurveSpectrum'>), ('Curve TRPL', 'CurveTRPL', <class 'grapa.datatypes.curveTRPL.CurveTRPL'>), ('Fit Arrhenius', 'CurveArrhenius', <class 'grapa.datatypes.curveArrhenius.CurveArrhenius'>), ('Math operations', 'CurveMath', <class 'grapa.datatypes.curveMath.CurveMath'>), ('image', 'Curve_Image', <class 'grapa.curve_image.Curve_Image'>), ('inset', 'Curve_Inset', <class 'grapa.curve_inset.Curve_Inset'>), ('subplot', 'Curve_Subplot', <class 'grapa.curve_subplot.Curve_Subplot'>)])
02/11/2026 03:06:37 PM - grapa.frontend.frame_curveactions - WARNING - While executing function fit_explicit. OptimizeWarning: Covariance of the parameters could not be estimated.
02/11/2026 03:07:53 PM - grapa.curve - ERROR - Curve.cast_as: could not cast (requested Curve XRD, possible types: [('Curve CV', 'CurveCV', <class 'grapa.datatypes.curveCV.CurveCV'>), ('Curve Cf', 'CurveCf', <class 'grapa.datatypes.curveCf.CurveCf'>), ('Curve EQE', 'CurveEQE', <class 'grapa.datatypes.curveEQE.CurveEQE'>), ('Curve JV', 'CurveJV', <class 'grapa.datatypes.curveJV.CurveJV'>), ('Curve JscVoc', 'CurveJscVoc', <class 'grapa.datatypes.curveJscVoc.CurveJscVoc'>), ('Curve MCA', 'CurveMCA', <class 'grapa.datatypes.curveMCA.CurveMCA'>), ('Curve SIMS', 'CurveSIMS', <class 'grapa.datatypes.curveSIMS.CurveSIMS'>), ('Curve Spectrum', 'CurveSpectrum', <class 'grapa.datatypes.curveSpectrum.CurveSpectrum'>), ('Curve TRPL', 'CurveTRPL', <class 'grapa.datatypes.curveTRPL.CurveTRPL'>), ('Fit Arrhenius', 'CurveArrhenius', <class 'grapa.datatypes.curveArrhenius.CurveArrhenius'>), ('Math operations', 'CurveMath', <class 'grapa.datatypes.curveMath.CurveMath'>), ('image', 'Curve_Image', <class 'grapa.curve_image.Curve_Image'>), ('inset', 'Curve_Inset', <class 'grapa.curve_inset.Curve_Inset'>), ('subplot', 'Curve_Subplot', <class 'grapa.curve_subplot.Curve_Subplot'>)])
02/11/2026 03:08:28 PM - grapa.frontend.frame_curveactions - WARNING - While executing function fit_explicit. GrapaWarning: Exception RuntimeError fit, curve Cycle 180:roma08.pro:September_24:1 TL3320_d2:Ga 2p3 326:CPS.
02/13/2026 08:45:55 AM - grapa.plot.plot_graph - ERROR - _plot_loop_over_curves during fig.colorbar.[<matplotlib.lines.Line2D object at 0x000001F6481DCA50>], cax=Axes(0.83375,0.15;0.03375x0.73), kwargs {'orientation': 'vertical'}). <class 'AttributeError'>: 'list' object has no attribute 'cmap'.
02/16/2026 05:48:20 PM - grapa.plot.plot_curve - ERROR - Exception _choose_plot_method ax.plot. linespec -. fmt {'label': 'calib9 2 PLQY 1.4e-02 Pos1', 'color': 'B'}. <class 'ValueError'>: 'B' is not a valid value for color: supported inputs are (r, g, b) and (r, g, b, a) 0-1 float tuples; '#rrggbb', '#rrggbbaa', '#rgb', '#rgba' strings; named color strings; string reprs of 0-1 floats for grayscale values; 'C0', 'C1', ... strings for colors of the color cycle; and pairs combining one of the above with an alpha value.
02/16/2026 05:48:34 PM - grapa.plot.plot_curve - ERROR - Exception _choose_plot_method ax.plot. linespec -. fmt {'label': 'calib9 2 PLQY 1.4e-02 Pos1', 'color': 'B'}. <class 'ValueError'>: 'B' is not a valid value for color: supported inputs are (r, g, b) and (r, g, b, a) 0-1 float tuples; '#rrggbb', '#rrggbbaa', '#rgb', '#rgba' strings; named color strings; string reprs of 0-1 floats for grayscale values; 'C0', 'C1', ... strings for colors of the color cycle; and pairs combining one of the above with an alpha value.
02/16/2026 05:48:37 PM - grapa.plot.plot_curve - ERROR - Exception _choose_plot_method ax.plot. linespec -. fmt {'label': 'calib9 2 PLQY 1.4e-02 Pos1', 'color': 'B'}. <class 'ValueError'>: 'B' is not a valid value for color: supported inputs are (r, g, b) and (r, g, b, a) 0-1 float tuples; '#rrggbb', '#rrggbbaa', '#rgb', '#rgba' strings; named color strings; string reprs of 0-1 floats for grayscale values; 'C0', 'C1', ... strings for colors of the color cycle; and pairs combining one of the above with an alpha value.
02/16/2026 05:48:41 PM - grapa.plot.plot_curve - ERROR - Exception _choose_plot_method ax.plot. linespec -. fmt {'label': 'calib9 2 PLQY 1.4e-02 Pos1', 'color': 'B'}. <class 'ValueError'>: 'B' is not a valid value for color: supported inputs are (r, g, b) and (r, g, b, a) 0-1 float tuples; '#rrggbb', '#rrggbbaa', '#rgb', '#rgba' strings; named color strings; string reprs of 0-1 floats for grayscale values; 'C0', 'C1', ... strings for colors of the color cycle; and pairs combining one of the above with an alpha value.
